c:\users\rankerpg\desktop\dx11\dx11_studyproject\dx11_studyproject\x64\debug\vc142.pdb
c:\users\rankerpg\desktop\dx11\dx11_studyproject\dx11_studyproject\x64\debug\vc142.idb
c:\users\rankerpg\desktop\dx11\dx11_studyproject\dx11_studyproject\x64\debug\dx11_studyproject.obj
c:\users\rankerpg\desktop\dx11\dx11_studyproject\dx11_studyproject\x64\debug\ctimer.obj
c:\users\rankerpg\desktop\dx11\dx11_studyproject\dx11_studyproject\x64\debug\cdevice.obj
c:\users\rankerpg\desktop\dx11\dx11_studyproject\dx11_studyproject\x64\debug\timer.obj
c:\users\rankerpg\desktop\dx11\dx11_studyproject\dx11_studyproject\x64\debug\device.obj
c:\users\rankerpg\desktop\dx11\dx11_studyproject\dx11_studyproject\x64\debug\mainframe.obj
c:\users\rankerpg\desktop\dx11\dx11_studyproject\dx11_studyproject\x64\debug\box.obj
c:\users\rankerpg\desktop\dx11\dx11_studyproject\dx11_studyproject\x64\debug\dx11_studyproject.res
c:\users\rankerpg\desktop\dx11\dx11_studyproject\x64\debug\dx11_studyproject.pdb
c:\users\rankerpg\desktop\dx11\dx11_studyproject\dx11_studyproject\x64\debug\dx11_stu.c552c42e.tlog\cl.command.1.tlog
c:\users\rankerpg\desktop\dx11\dx11_studyproject\dx11_studyproject\x64\debug\dx11_stu.c552c42e.tlog\cl.read.1.tlog
c:\users\rankerpg\desktop\dx11\dx11_studyproject\dx11_studyproject\x64\debug\dx11_stu.c552c42e.tlog\cl.write.1.tlog
c:\users\rankerpg\desktop\dx11\dx11_studyproject\dx11_studyproject\x64\debug\dx11_stu.c552c42e.tlog\fxc.command.1.tlog
c:\users\rankerpg\desktop\dx11\dx11_studyproject\dx11_studyproject\x64\debug\dx11_stu.c552c42e.tlog\fxc.read.1.tlog
c:\users\rankerpg\desktop\dx11\dx11_studyproject\dx11_studyproject\x64\debug\dx11_stu.c552c42e.tlog\link.3400-cvtres.read.1.tlog
c:\users\rankerpg\desktop\dx11\dx11_studyproject\dx11_studyproject\x64\debug\dx11_stu.c552c42e.tlog\link.3400-cvtres.write.1.tlog
c:\users\rankerpg\desktop\dx11\dx11_studyproject\dx11_studyproject\x64\debug\dx11_stu.c552c42e.tlog\link.3400-rc.read.1.tlog
c:\users\rankerpg\desktop\dx11\dx11_studyproject\dx11_studyproject\x64\debug\dx11_stu.c552c42e.tlog\link.3400-rc.write.1.tlog
c:\users\rankerpg\desktop\dx11\dx11_studyproject\dx11_studyproject\x64\debug\dx11_stu.c552c42e.tlog\link.3400.read.1.tlog
c:\users\rankerpg\desktop\dx11\dx11_studyproject\dx11_studyproject\x64\debug\dx11_stu.c552c42e.tlog\link.3400.write.1.tlog
c:\users\rankerpg\desktop\dx11\dx11_studyproject\dx11_studyproject\x64\debug\dx11_stu.c552c42e.tlog\link.command.1.tlog
c:\users\rankerpg\desktop\dx11\dx11_studyproject\dx11_studyproject\x64\debug\dx11_stu.c552c42e.tlog\link.read.1.tlog
c:\users\rankerpg\desktop\dx11\dx11_studyproject\dx11_studyproject\x64\debug\dx11_stu.c552c42e.tlog\link.write.1.tlog
c:\users\rankerpg\desktop\dx11\dx11_studyproject\dx11_studyproject\x64\debug\dx11_stu.c552c42e.tlog\rc.command.1.tlog
c:\users\rankerpg\desktop\dx11\dx11_studyproject\dx11_studyproject\x64\debug\dx11_stu.c552c42e.tlog\rc.read.1.tlog
c:\users\rankerpg\desktop\dx11\dx11_studyproject\dx11_studyproject\x64\debug\dx11_stu.c552c42e.tlog\rc.write.1.tlog
