c:\users\rankerpg\desktop\dx11\dx11_studyproject\dx11_studyproject\x64\release\vc142.pdb
c:\users\rankerpg\desktop\dx11\dx11_studyproject\dx11_studyproject\x64\release\texture.obj
c:\users\rankerpg\desktop\dx11\dx11_studyproject\dx11_studyproject\x64\release\dx11_studyproject.obj
c:\users\rankerpg\desktop\dx11\dx11_studyproject\dx11_studyproject\x64\release\wictextureloader.obj
c:\users\rankerpg\desktop\dx11\dx11_studyproject\dx11_studyproject\x64\release\visible.obj
c:\users\rankerpg\desktop\dx11\dx11_studyproject\dx11_studyproject\x64\release\transform.obj
c:\users\rankerpg\desktop\dx11\dx11_studyproject\dx11_studyproject\x64\release\timer.obj
c:\users\rankerpg\desktop\dx11\dx11_studyproject\dx11_studyproject\x64\release\terrain.obj
c:\users\rankerpg\desktop\dx11\dx11_studyproject\dx11_studyproject\x64\release\sphere.obj
c:\users\rankerpg\desktop\dx11\dx11_studyproject\dx11_studyproject\x64\release\shader.obj
c:\users\rankerpg\desktop\dx11\dx11_studyproject\dx11_studyproject\x64\release\object.obj
c:\users\rankerpg\desktop\dx11\dx11_studyproject\dx11_studyproject\x64\release\mesh.obj
c:\users\rankerpg\desktop\dx11\dx11_studyproject\dx11_studyproject\x64\release\mainframe.obj
c:\users\rankerpg\desktop\dx11\dx11_studyproject\dx11_studyproject\x64\release\input.obj
c:\users\rankerpg\desktop\dx11\dx11_studyproject\dx11_studyproject\x64\release\geometrygenerator.obj
c:\users\rankerpg\desktop\dx11\dx11_studyproject\dx11_studyproject\x64\release\figuremesh.obj
c:\users\rankerpg\desktop\dx11\dx11_studyproject\dx11_studyproject\x64\release\device.obj
c:\users\rankerpg\desktop\dx11\dx11_studyproject\dx11_studyproject\x64\release\ddstextureloader.obj
c:\users\rankerpg\desktop\dx11\dx11_studyproject\dx11_studyproject\x64\release\component.obj
c:\users\rankerpg\desktop\dx11\dx11_studyproject\dx11_studyproject\x64\release\camera.obj
c:\users\rankerpg\desktop\dx11\dx11_studyproject\dx11_studyproject\x64\release\box.obj
c:\users\rankerpg\desktop\dx11\dx11_studyproject\dx11_studyproject\x64\release\lake.obj
c:\users\rankerpg\desktop\dx11\dx11_studyproject\x64\release\dx11_studyproject.ipdb
c:\users\rankerpg\desktop\dx11\dx11_studyproject\x64\release\dx11_studyproject.iobj
c:\users\rankerpg\desktop\dx11\dx11_studyproject\x64\release\dx11_studyproject.exe
c:\users\rankerpg\desktop\dx11\dx11_studyproject\x64\release\dx11_studyproject.pdb
c:\users\rankerpg\desktop\dx11\dx11_studyproject\dx11_studyproject\x64\release\dx11_studyproject.res
c:\users\rankerpg\desktop\dx11\dx11_studyproject\dx11_studyproject\x64\release\dx11_stu.c552c42e.tlog\cl.command.1.tlog
c:\users\rankerpg\desktop\dx11\dx11_studyproject\dx11_studyproject\x64\release\dx11_stu.c552c42e.tlog\cl.read.1.tlog
c:\users\rankerpg\desktop\dx11\dx11_studyproject\dx11_studyproject\x64\release\dx11_stu.c552c42e.tlog\cl.write.1.tlog
c:\users\rankerpg\desktop\dx11\dx11_studyproject\dx11_studyproject\x64\release\dx11_stu.c552c42e.tlog\dx11_studyproject.write.1u.tlog
c:\users\rankerpg\desktop\dx11\dx11_studyproject\dx11_studyproject\x64\release\dx11_stu.c552c42e.tlog\fxc.command.1.tlog
c:\users\rankerpg\desktop\dx11\dx11_studyproject\dx11_studyproject\x64\release\dx11_stu.c552c42e.tlog\fxc.read.1.tlog
c:\users\rankerpg\desktop\dx11\dx11_studyproject\dx11_studyproject\x64\release\dx11_stu.c552c42e.tlog\link.command.1.tlog
c:\users\rankerpg\desktop\dx11\dx11_studyproject\dx11_studyproject\x64\release\dx11_stu.c552c42e.tlog\link.delete.1.tlog
c:\users\rankerpg\desktop\dx11\dx11_studyproject\dx11_studyproject\x64\release\dx11_stu.c552c42e.tlog\link.read.1.tlog
c:\users\rankerpg\desktop\dx11\dx11_studyproject\dx11_studyproject\x64\release\dx11_stu.c552c42e.tlog\link.write.1.tlog
c:\users\rankerpg\desktop\dx11\dx11_studyproject\dx11_studyproject\x64\release\dx11_stu.c552c42e.tlog\rc.command.1.tlog
c:\users\rankerpg\desktop\dx11\dx11_studyproject\dx11_studyproject\x64\release\dx11_stu.c552c42e.tlog\rc.read.1.tlog
c:\users\rankerpg\desktop\dx11\dx11_studyproject\dx11_studyproject\x64\release\dx11_stu.c552c42e.tlog\rc.write.1.tlog
